This file contains any messages produced by compilers while
running configure, to aid debugging if configure makes a mistake.

It was created by xautomation configure 1.06, which was
generated by GNU Autoconf 2.68.  Invocation command line was

  $ ./configure 

## --------- ##
## Platform. ##
## --------- ##

hostname = astrolab19.astro.washington.edu
uname -m = x86_64
uname -r = 2.6.18-308.11.1.el5
uname -s = Linux
uname -v = #1 SMP Tue Jul 10 12:43:34 EDT 2012

/usr/bin/uname -p = unknown
/bin/uname -X     = unknown

/bin/arch              = x86_64
/usr/bin/arch -k       = unknown
/usr/convex/getsysinfo = unknown
/usr/bin/hostinfo      = unknown
/bin/machine           = unknown
/usr/bin/oslevel       = unknown
/bin/universe          = unknown

PATH: /astro/condor/RH5.x86_64/bin
PATH: /astro/condor/RH5.x86_64/sbin
PATH: .
PATH: /astro/users/blevlee/bin
PATH: /usr/lib64/qt-3.3/bin
PATH: /usr/kerberos/bin
PATH: /usr/local/bin
PATH: /bin
PATH: /usr/bin
PATH: /usr/X11R6/bin
PATH: /astro/net/bin


## ----------- ##
## Core tests. ##
## ----------- ##

configure:2170: checking for a BSD-compatible install
configure:2238: result: /usr/bin/install -c
configure:2249: checking whether build environment is sane
configure:2299: result: yes
configure:2440: checking for a thread-safe mkdir -p
configure:2479: result: /bin/mkdir -p
configure:2492: checking for gawk
configure:2508: found /bin/gawk
configure:2519: result: gawk
configure:2530: checking whether make sets $(MAKE)
configure:2552: result: yes
configure:2685: checking for gcc
configure:2701: found /usr/bin/gcc
configure:2712: result: gcc
configure:2941: checking for C compiler version
configure:2950: gcc --version >&5
gcc (GCC) 4.1.2 20080704 (Red Hat 4.1.2-50)
Copyright (C) 2006 Free Software Foundation, Inc.
This is free software; see the source for copying conditions.  There is NO
warranty; not even for MERCHANTABILITY or FITNESS FOR A PARTICULAR PURPOSE.

configure:2961: $? = 0
configure:2950: gcc -v >&5
Using built-in specs.
Target: x86_64-redhat-linux
Configured with: ../configure --prefix=/usr --mandir=/usr/share/man --infodir=/usr/share/info --enable-shared --enable-threads=posix --enable-checking=release --with-system-zlib --enable-__cxa_atexit --disable-libunwind-exceptions --enable-libgcj-multifile --enable-languages=c,c++,objc,obj-c++,java,fortran,ada --enable-java-awt=gtk --disable-dssi --disable-plugin --with-java-home=/usr/lib/jvm/java-1.4.2-gcj-1.4.2.0/jre --with-cpu=generic --host=x86_64-redhat-linux
Thread model: posix
gcc version 4.1.2 20080704 (Red Hat 4.1.2-50)
configure:2961: $? = 0
configure:2950: gcc -V >&5
gcc: '-V' option must have argument
configure:2961: $? = 1
configure:2950: gcc -qversion >&5
gcc: unrecognized option '-qversion'
gcc: no input files
configure:2961: $? = 1
configure:2981: checking whether the C compiler works
configure:3003: gcc    conftest.c  >&5
configure:3007: $? = 0
configure:3055: result: yes
configure:3058: checking for C compiler default output file name
configure:3060: result: a.out
configure:3066: checking for suffix of executables
configure:3073: gcc -o conftest    conftest.c  >&5
configure:3077: $? = 0
configure:3099: result: 
configure:3121: checking whether we are cross compiling
configure:3129: gcc -o conftest    conftest.c  >&5
configure:3133: $? = 0
configure:3140: ./conftest
configure:3144: $? = 0
configure:3159: result: no
configure:3164: checking for suffix of object files
configure:3186: gcc -c   conftest.c >&5
configure:3190: $? = 0
configure:3211: result: o
configure:3215: checking whether we are using the GNU C compiler
configure:3234: gcc -c   conftest.c >&5
configure:3234: $? = 0
configure:3243: result: yes
configure:3252: checking whether gcc accepts -g
configure:3272: gcc -c -g  conftest.c >&5
configure:3272: $? = 0
configure:3313: result: yes
configure:3330: checking for gcc option to accept ISO C89
configure:3394: gcc  -c -g -O2  conftest.c >&5
configure:3394: $? = 0
configure:3407: result: none needed
configure:3438: checking for style of include used by make
configure:3466: result: GNU
configure:3492: checking dependency style of gcc
configure:3603: result: gcc3
configure:3624: checking how to run the C preprocessor
configure:3655: gcc -E  conftest.c
configure:3655: $? = 0
configure:3669: gcc -E  conftest.c
conftest.c:12:28: error: ac_nonexistent.h: No such file or directory
configure:3669: $? = 1
configure: failed program was:
| /* confdefs.h */
| #define PACKAGE_NAME "xautomation"
| #define PACKAGE_TARNAME "xautomation"
| #define PACKAGE_VERSION "1.06"
| #define PACKAGE_STRING "xautomation 1.06"
| #define PACKAGE_BUGREPORT ""
| #define PACKAGE_URL ""
| #define PACKAGE "xautomation"
| #define VERSION "1.06"
| #define DEBUG_A_LOO 1
| /* end confdefs.h.  */
| #include <ac_nonexistent.h>
configure:3694: result: gcc -E
configure:3714: gcc -E  conftest.c
configure:3714: $? = 0
configure:3728: gcc -E  conftest.c
conftest.c:12:28: error: ac_nonexistent.h: No such file or directory
configure:3728: $? = 1
configure: failed program was:
| /* confdefs.h */
| #define PACKAGE_NAME "xautomation"
| #define PACKAGE_TARNAME "xautomation"
| #define PACKAGE_VERSION "1.06"
| #define PACKAGE_STRING "xautomation 1.06"
| #define PACKAGE_BUGREPORT ""
| #define PACKAGE_URL ""
| #define PACKAGE "xautomation"
| #define VERSION "1.06"
| #define DEBUG_A_LOO 1
| /* end confdefs.h.  */
| #include <ac_nonexistent.h>
configure:3757: checking for X
configure:3896: gcc -o conftest -g -O2   conftest.c -lX11  >&5
configure:3896: $? = 0
configure:3946: result: libraries , headers 
configure:4045: gcc -o conftest -g -O2   conftest.c   -lX11 >&5
configure:4045: $? = 0
configure:4143: checking for gethostbyname
configure:4143: gcc -o conftest -g -O2   conftest.c  >&5
configure:4143: $? = 0
configure:4143: result: yes
configure:4240: checking for connect
configure:4240: gcc -o conftest -g -O2   conftest.c  >&5
configure:4240: $? = 0
configure:4240: result: yes
configure:4289: checking for remove
configure:4289: gcc -o conftest -g -O2   conftest.c  >&5
configure:4289: $? = 0
configure:4289: result: yes
configure:4338: checking for shmat
configure:4338: gcc -o conftest -g -O2   conftest.c  >&5
configure:4338: $? = 0
configure:4338: result: yes
configure:4396: checking for IceConnectionNumber in -lICE
configure:4421: gcc -o conftest -g -O2   conftest.c -lICE   >&5
configure:4421: $? = 0
configure:4430: result: yes
configure:4443: checking for png_read_info in -lpng
configure:4468: gcc -o conftest -g -O2   conftest.c -lpng   >&5
configure:4468: $? = 0
configure:4477: result: yes
configure:4493: checking for grep that handles long lines and -e
configure:4551: result: /bin/grep
configure:4556: checking for egrep
configure:4618: result: /bin/grep -E
configure:4623: checking for ANSI C header files
configure:4643: gcc -c -g -O2  conftest.c >&5
configure:4643: $? = 0
configure:4716: gcc -o conftest -g -O2   conftest.c  >&5
configure:4716: $? = 0
configure:4716: ./conftest
configure:4716: $? = 0
configure:4727: result: yes
configure:4740: checking for sys/types.h
configure:4740: gcc -c -g -O2  conftest.c >&5
configure:4740: $? = 0
configure:4740: result: yes
configure:4740: checking for sys/stat.h
configure:4740: gcc -c -g -O2  conftest.c >&5
configure:4740: $? = 0
configure:4740: result: yes
configure:4740: checking for stdlib.h
configure:4740: gcc -c -g -O2  conftest.c >&5
configure:4740: $? = 0
configure:4740: result: yes
configure:4740: checking for string.h
configure:4740: gcc -c -g -O2  conftest.c >&5
configure:4740: $? = 0
configure:4740: result: yes
configure:4740: checking for memory.h
configure:4740: gcc -c -g -O2  conftest.c >&5
configure:4740: $? = 0
configure:4740: result: yes
configure:4740: checking for strings.h
configure:4740: gcc -c -g -O2  conftest.c >&5
configure:4740: $? = 0
configure:4740: result: yes
configure:4740: checking for inttypes.h
configure:4740: gcc -c -g -O2  conftest.c >&5
configure:4740: $? = 0
configure:4740: result: yes
configure:4740: checking for stdint.h
configure:4740: gcc -c -g -O2  conftest.c >&5
configure:4740: $? = 0
configure:4740: result: yes
configure:4740: checking for unistd.h
configure:4740: gcc -c -g -O2  conftest.c >&5
configure:4740: $? = 0
configure:4740: result: yes
configure:4755: checking for stdlib.h
configure:4755: result: yes
configure:4755: checking for unistd.h
configure:4755: result: yes
configure:4755: checking wchar.h usability
configure:4755: gcc -c -g -O2  conftest.c >&5
configure:4755: $? = 0
configure:4755: result: yes
configure:4755: checking wchar.h presence
configure:4755: gcc -E  conftest.c
configure:4755: $? = 0
configure:4755: result: yes
configure:4755: checking for wchar.h
configure:4755: result: yes
configure:4755: checking locale.h usability
configure:4755: gcc -c -g -O2  conftest.c >&5
configure:4755: $? = 0
configure:4755: result: yes
configure:4755: checking locale.h presence
configure:4755: gcc -E  conftest.c
configure:4755: $? = 0
configure:4755: result: yes
configure:4755: checking for locale.h
configure:4755: result: yes
configure:4767: checking for an ANSI C-conforming const
configure:4832: gcc -c -g -O2  conftest.c >&5
configure:4832: $? = 0
configure:4839: result: yes
configure:4851: checking for stdlib.h
configure:4851: result: yes
configure:4861: checking for GNU libc compatible malloc
configure:4885: gcc -o conftest -g -O2   conftest.c  >&5
configure:4885: $? = 0
configure:4885: ./conftest
configure:4885: $? = 0
configure:4895: result: yes
configure:4919: checking for bzero
configure:4919: gcc -o conftest -g -O2   conftest.c  >&5
conftest.c:52: warning: conflicting types for built-in function 'bzero'
configure:4919: $? = 0
configure:4919: result: yes
configure:4919: checking for wmemset
configure:4919: gcc -o conftest -g -O2   conftest.c  >&5
configure:4919: $? = 0
configure:4919: result: yes
configure:4919: checking for mbstowcs
configure:4919: gcc -o conftest -g -O2   conftest.c  >&5
configure:4919: $? = 0
configure:4919: result: yes
configure:5097: creating ./config.status

## ---------------------- ##
## Running config.status. ##
## ---------------------- ##

This file was extended by xautomation config.status 1.06, which was
generated by GNU Autoconf 2.68.  Invocation command line was

  CONFIG_FILES    = 
  CONFIG_HEADERS  = 
  CONFIG_LINKS    = 
  CONFIG_COMMANDS = 
  $ ./config.status 

on astrolab19.astro.washington.edu

config.status:791: creating Makefile
config.status:963: executing depfiles commands

## ---------------- ##
## Cache variables. ##
## ---------------- ##

ac_cv_c_compiler_gnu=yes
ac_cv_c_const=yes
ac_cv_env_CC_set=
ac_cv_env_CC_value=
ac_cv_env_CFLAGS_set=
ac_cv_env_CFLAGS_value=
ac_cv_env_CPPFLAGS_set=
ac_cv_env_CPPFLAGS_value=
ac_cv_env_CPP_set=
ac_cv_env_CPP_value=
ac_cv_env_LDFLAGS_set=
ac_cv_env_LDFLAGS_value=
ac_cv_env_LIBS_set=
ac_cv_env_LIBS_value=
ac_cv_env_XMKMF_set=
ac_cv_env_XMKMF_value=
ac_cv_env_build_alias_set=
ac_cv_env_build_alias_value=
ac_cv_env_host_alias_set=
ac_cv_env_host_alias_value=
ac_cv_env_target_alias_set=
ac_cv_env_target_alias_value=
ac_cv_func_bzero=yes
ac_cv_func_connect=yes
ac_cv_func_gethostbyname=yes
ac_cv_func_malloc_0_nonnull=yes
ac_cv_func_mbstowcs=yes
ac_cv_func_remove=yes
ac_cv_func_shmat=yes
ac_cv_func_wmemset=yes
ac_cv_have_x='have_x=yes	ac_x_includes='\'''\''	ac_x_libraries='\'''\'''
ac_cv_header_inttypes_h=yes
ac_cv_header_locale_h=yes
ac_cv_header_memory_h=yes
ac_cv_header_stdc=yes
ac_cv_header_stdint_h=yes
ac_cv_header_stdlib_h=yes
ac_cv_header_string_h=yes
ac_cv_header_strings_h=yes
ac_cv_header_sys_stat_h=yes
ac_cv_header_sys_types_h=yes
ac_cv_header_unistd_h=yes
ac_cv_header_wchar_h=yes
ac_cv_lib_ICE_IceConnectionNumber=yes
ac_cv_lib_png_png_read_info=yes
ac_cv_objext=o
ac_cv_path_EGREP='/bin/grep -E'
ac_cv_path_GREP=/bin/grep
ac_cv_path_install='/usr/bin/install -c'
ac_cv_path_mkdir=/bin/mkdir
ac_cv_prog_AWK=gawk
ac_cv_prog_CPP='gcc -E'
ac_cv_prog_ac_ct_CC=gcc
ac_cv_prog_cc_c89=
ac_cv_prog_cc_g=yes
ac_cv_prog_make_make_set=yes
am_cv_CC_dependencies_compiler_type=gcc3

## ----------------- ##
## Output variables. ##
## ----------------- ##

ACLOCAL='${SHELL} /astro/users/blevlee/KEPLER/KEPLER_REDUX/autopulse/xautomation/xautomation-1.06/missing --run aclocal-1.11'
AMDEPBACKSLASH='\'
AMDEP_FALSE='#'
AMDEP_TRUE=''
AMTAR='$${TAR-tar}'
AUTOCONF='${SHELL} /astro/users/blevlee/KEPLER/KEPLER_REDUX/autopulse/xautomation/xautomation-1.06/missing --run autoconf'
AUTOHEADER='${SHELL} /astro/users/blevlee/KEPLER/KEPLER_REDUX/autopulse/xautomation/xautomation-1.06/missing --run autoheader'
AUTOMAKE='${SHELL} /astro/users/blevlee/KEPLER/KEPLER_REDUX/autopulse/xautomation/xautomation-1.06/missing --run automake-1.11'
AWK='gawk'
CC='gcc'
CCDEPMODE='depmode=gcc3'
CFLAGS='-g -O2'
CPP='gcc -E'
CPPFLAGS=''
CYGPATH_W='echo'
DEFS='-DPACKAGE_NAME=\"xautomation\" -DPACKAGE_TARNAME=\"xautomation\" -DPACKAGE_VERSION=\"1.06\" -DPACKAGE_STRING=\"xautomation\ 1.06\" -DPACKAGE_BUGREPORT=\"\" -DPACKAGE_URL=\"\" -DPACKAGE=\"xautomation\" -DVERSION=\"1.06\" -DDEBUG_A_LOO=1 -DHAVE_LIBPNG=1 -DSTDC_HEADERS=1 -DHAVE_SYS_TYPES_H=1 -DHAVE_SYS_STAT_H=1 -DHAVE_STDLIB_H=1 -DHAVE_STRING_H=1 -DHAVE_MEMORY_H=1 -DHAVE_STRINGS_H=1 -DHAVE_INTTYPES_H=1 -DHAVE_STDINT_H=1 -DHAVE_UNISTD_H=1 -DHAVE_STDLIB_H=1 -DHAVE_UNISTD_H=1 -DHAVE_WCHAR_H=1 -DHAVE_LOCALE_H=1 -DHAVE_STDLIB_H=1 -DHAVE_MALLOC=1 -DHAVE_BZERO=1 -DHAVE_WMEMSET=1 -DHAVE_MBSTOWCS=1'
DEPDIR='.deps'
ECHO_C=''
ECHO_N='-n'
ECHO_T=''
EGREP='/bin/grep -E'
EXEEXT=''
GREP='/bin/grep'
INSTALL_DATA='${INSTALL} -m 644'
INSTALL_PROGRAM='${INSTALL}'
INSTALL_SCRIPT='${INSTALL}'
INSTALL_STRIP_PROGRAM='$(install_sh) -c -s'
LDFLAGS=''
LIBOBJS=''
LIBS=''
LTLIBOBJS=''
MAKEINFO='${SHELL} /astro/users/blevlee/KEPLER/KEPLER_REDUX/autopulse/xautomation/xautomation-1.06/missing --run makeinfo'
MKDIR_P='/bin/mkdir -p'
OBJEXT='o'
PACKAGE='xautomation'
PACKAGE_BUGREPORT=''
PACKAGE_NAME='xautomation'
PACKAGE_STRING='xautomation 1.06'
PACKAGE_TARNAME='xautomation'
PACKAGE_URL=''
PACKAGE_VERSION='1.06'
PATH_SEPARATOR=':'
SET_MAKE=''
SHELL='/bin/sh'
STRIP=''
VERSION='1.06'
XMKMF=''
X_CFLAGS=''
X_EXTRA_LIBS=''
X_LIBS=''
X_PRE_LIBS=' -lSM -lICE'
ac_ct_CC='gcc'
am__EXEEXT_FALSE=''
am__EXEEXT_TRUE='#'
am__fastdepCC_FALSE='#'
am__fastdepCC_TRUE=''
am__include='include'
am__isrc=''
am__leading_dot='.'
am__nodep='_no'
am__quote=''
am__tar='$${TAR-tar} chof - "$$tardir"'
am__untar='$${TAR-tar} xf -'
bindir='${exec_prefix}/bin'
build_alias=''
datadir='${datarootdir}'
datarootdir='${prefix}/share'
docdir='${datarootdir}/doc/${PACKAGE_TARNAME}'
dvidir='${docdir}'
exec_prefix='${prefix}'
host_alias=''
htmldir='${docdir}'
includedir='${prefix}/include'
infodir='${datarootdir}/info'
install_sh='${SHELL} /astro/users/blevlee/KEPLER/KEPLER_REDUX/autopulse/xautomation/xautomation-1.06/install-sh'
libdir='${exec_prefix}/lib'
libexecdir='${exec_prefix}/libexec'
localedir='${datarootdir}/locale'
localstatedir='${prefix}/var'
mandir='${datarootdir}/man'
mkdir_p='/bin/mkdir -p'
oldincludedir='/usr/include'
pdfdir='${docdir}'
prefix='/usr/local'
program_transform_name='s,x,x,'
psdir='${docdir}'
sbindir='${exec_prefix}/sbin'
sharedstatedir='${prefix}/com'
sysconfdir='${prefix}/etc'
target_alias=''

## ----------- ##
## confdefs.h. ##
## ----------- ##

/* confdefs.h */
#define PACKAGE_NAME "xautomation"
#define PACKAGE_TARNAME "xautomation"
#define PACKAGE_VERSION "1.06"
#define PACKAGE_STRING "xautomation 1.06"
#define PACKAGE_BUGREPORT ""
#define PACKAGE_URL ""
#define PACKAGE "xautomation"
#define VERSION "1.06"
#define DEBUG_A_LOO 1
#define HAVE_LIBPNG 1
#define STDC_HEADERS 1
#define HAVE_SYS_TYPES_H 1
#define HAVE_SYS_STAT_H 1
#define HAVE_STDLIB_H 1
#define HAVE_STRING_H 1
#define HAVE_MEMORY_H 1
#define HAVE_STRINGS_H 1
#define HAVE_INTTYPES_H 1
#define HAVE_STDINT_H 1
#define HAVE_UNISTD_H 1
#define HAVE_STDLIB_H 1
#define HAVE_UNISTD_H 1
#define HAVE_WCHAR_H 1
#define HAVE_LOCALE_H 1
#define HAVE_STDLIB_H 1
#define HAVE_MALLOC 1
#define HAVE_BZERO 1
#define HAVE_WMEMSET 1
#define HAVE_MBSTOWCS 1

configure: exit 0
